<?xml version="1.0" encoding="UTF-8"?>
<testsuite xmlns:xsi="http://www.w3.org/2001/XMLSchema-instance" xsi:noNamespaceSchemaLocation="https://maven.apache.org/surefire/maven-surefire-plugin/xsd/surefire-test-report.xsd" name="TestSuite" time="0.527" tests="24" errors="0" skipped="0" failures="0">
  <properties>
    <property name="sun.desktop" value="gnome"/>
    <property name="awt.toolkit" value="sun.awt.X11.XToolkit"/>
    <property name="java.specification.version" value="11"/>
    <property name="sun.cpu.isalist" value=""/>
    <property name="sun.jnu.encoding" value="UTF-8"/>
    <property name="java.class.path" value="/home/ereiclo/IdeaProjects/lab-03-a-Ereiclo/target/test-classes:/home/ereiclo/IdeaProjects/lab-03-a-Ereiclo/target/classes:/home/ereiclo/.m2/repository/org/testng/testng/7.0.0-beta1/testng-7.0.0-beta1.jar:/home/ereiclo/.m2/repository/com/beust/jcommander/1.72/jcommander-1.72.jar:/home/ereiclo/.m2/repository/org/apache/logging/log4j/log4j-api/2.13.3/log4j-api-2.13.3.jar:/home/ereiclo/.m2/repository/org/apache/logging/log4j/log4j-core/2.13.3/log4j-core-2.13.3.jar:"/>
    <property name="java.vm.vendor" value="Ubuntu"/>
    <property name="sun.arch.data.model" value="64"/>
    <property name="java.vendor.url" value="https://ubuntu.com/"/>
    <property name="user.timezone" value=""/>
    <property name="java.vm.specification.version" value="11"/>
    <property name="os.name" value="Linux"/>
    <property name="sun.java.launcher" value="SUN_STANDARD"/>
    <property name="user.country" value="PE"/>
    <property name="sun.boot.library.path" value="/usr/lib/jvm/java-11-openjdk-amd64/lib"/>
    <property name="sun.java.command" value="/home/ereiclo/IdeaProjects/lab-03-a-Ereiclo/target/surefire/surefirebooter8860757192513975113.jar /home/ereiclo/IdeaProjects/lab-03-a-Ereiclo/target/surefire 2022-04-01T20-35-49_592-jvmRun1 surefire11555988861648709553tmp surefire_013537921571940928820tmp"/>
    <property name="jdk.debug" value="release"/>
    <property name="surefire.test.class.path" value="/home/ereiclo/IdeaProjects/lab-03-a-Ereiclo/target/test-classes:/home/ereiclo/IdeaProjects/lab-03-a-Ereiclo/target/classes:/home/ereiclo/.m2/repository/org/testng/testng/7.0.0-beta1/testng-7.0.0-beta1.jar:/home/ereiclo/.m2/repository/com/beust/jcommander/1.72/jcommander-1.72.jar:/home/ereiclo/.m2/repository/org/apache/logging/log4j/log4j-api/2.13.3/log4j-api-2.13.3.jar:/home/ereiclo/.m2/repository/org/apache/logging/log4j/log4j-core/2.13.3/log4j-core-2.13.3.jar:"/>
    <property name="sun.cpu.endian" value="little"/>
    <property name="user.home" value="/home/ereiclo"/>
    <property name="user.language" value="es"/>
    <property name="java.specification.vendor" value="Oracle Corporation"/>
    <property name="java.version.date" value="2022-02-08"/>
    <property name="java.home" value="/usr/lib/jvm/java-11-openjdk-amd64"/>
    <property name="file.separator" value="/"/>
    <property name="basedir" value="/home/ereiclo/IdeaProjects/lab-03-a-Ereiclo"/>
    <property name="java.vm.compressedOopsMode" value="Zero based"/>
    <property name="line.separator" value="&#10;"/>
    <property name="java.specification.name" value="Java Platform API Specification"/>
    <property name="java.vm.specification.vendor" value="Oracle Corporation"/>
    <property name="java.awt.graphicsenv" value="sun.awt.X11GraphicsEnvironment"/>
    <property name="surefire.real.class.path" value="/home/ereiclo/IdeaProjects/lab-03-a-Ereiclo/target/surefire/surefirebooter8860757192513975113.jar"/>
    <property name="sun.management.compiler" value="HotSpot 64-Bit Tiered Compilers"/>
    <property name="java.runtime.version" value="11.0.14.1+1-Ubuntu-0ubuntu1.20.04"/>
    <property name="user.name" value="ereiclo"/>
    <property name="path.separator" value=":"/>
    <property name="os.version" value="5.13.0-39-generic"/>
    <property name="java.runtime.name" value="OpenJDK Runtime Environment"/>
    <property name="file.encoding" value="UTF-8"/>
    <property name="java.vm.name" value="OpenJDK 64-Bit Server VM"/>
    <property name="localRepository" value="/home/ereiclo/.m2/repository"/>
    <property name="java.vendor.url.bug" value="https://bugs.launchpad.net/ubuntu/+source/openjdk-lts"/>
    <property name="java.io.tmpdir" value="/tmp"/>
    <property name="java.version" value="11.0.14.1"/>
    <property name="user.dir" value="/home/ereiclo/IdeaProjects/lab-03-a-Ereiclo"/>
    <property name="os.arch" value="amd64"/>
    <property name="java.vm.specification.name" value="Java Virtual Machine Specification"/>
    <property name="java.awt.printerjob" value="sun.print.PSPrinterJob"/>
    <property name="sun.os.patch.level" value="unknown"/>
    <property name="sonar.projectKey" value="cs2901-2022-1-Ingenieria-de-Software_PROJECT_NAME"/>
    <property name="java.library.path" value="/usr/java/packages/lib:/usr/lib/x86_64-linux-gnu/jni:/lib/x86_64-linux-gnu:/usr/lib/x86_64-linux-gnu:/usr/lib/jni:/lib:/usr/lib"/>
    <property name="java.vm.info" value="mixed mode, sharing"/>
    <property name="java.vendor" value="Ubuntu"/>
    <property name="java.vm.version" value="11.0.14.1+1-Ubuntu-0ubuntu1.20.04"/>
    <property name="sun.io.unicode.encoding" value="UnicodeLittle"/>
    <property name="java.class.version" value="55.0"/>
  </properties>
  <testcase name="test_AllOrdersA" classname="lab.ManageDemandTest" time="0.007"/>
  <testcase name="test_AllOrdersANULL" classname="lab.ManageDemandTest" time="0"/>
  <testcase name="test_AllOrdersFromBrazil" classname="lab.ManageDemandTest" time="0"/>
  <testcase name="test_AllOrdersFromColombia" classname="lab.ManageDemandTest" time="0"/>
  <testcase name="test_AllOrdersFromPeru" classname="lab.ManageDemandTest" time="0"/>
  <testcase name="test_AllOrdersMix" classname="lab.ManageDemandTest" time="0.001"/>
  <testcase name="test_AllOrdersNULL" classname="lab.ManageDemandTest" time="0"/>
  <testcase name="test_totaTaxesNULL" classname="lab.ManageDemandTest" time="0.001"/>
  <testcase name="test_totalQuantityBR" classname="lab.ManageDemandTest" time="0"/>
  <testcase name="test_totalQuantityCL" classname="lab.ManageDemandTest" time="0"/>
  <testcase name="test_totalQuantityMix" classname="lab.ManageDemandTest" time="0"/>
  <testcase name="test_totalQuantityNULL" classname="lab.ManageDemandTest" time="0.001"/>
  <testcase name="test_totalQuantityPE" classname="lab.ManageDemandTest" time="0.003"/>
  <testcase name="test_totalTaxesBR" classname="lab.ManageDemandTest" time="0.001"/>
  <testcase name="test_totalTaxesCL" classname="lab.ManageDemandTest" time="0"/>
  <testcase name="test_totalTaxesMix" classname="lab.ManageDemandTest" time="0"/>
  <testcase name="test_totalTaxesPE" classname="lab.ManageDemandTest" time="0"/>
  <testcase name="testCalculateTaxBRD" classname="lab.TaxTest" time="0"/>
  <testcase name="testCalculateTaxBRN" classname="lab.TaxTest" time="0"/>
  <testcase name="testCalculateTaxCLD" classname="lab.TaxTest" time="0.001"/>
  <testcase name="testCalculateTaxCLN" classname="lab.TaxTest" time="0"/>
  <testcase name="testCalculateTaxPD" classname="lab.TaxTest" time="0"/>
  <testcase name="testCalculateTaxPN" classname="lab.TaxTest" time="0"/>
  <testcase name="testNullInput" classname="lab.TaxTest" time="0.001"/>
</testsuite>