<?xml version="1.0" encoding="UTF-8"?>
<!-- Generated by org.testng.reporters.JUnitReportReporter -->
<testsuite hostname="Eric" failures="0" tests="6" name="lab.TaxTest" time="0.001" errors="0" timestamp="2022-03-31T21:39:30 PET" skipped="0">
  <testcase classname="lab.TaxTest" name="testCalculateTaxCLN" time="0.000"/>
  <testcase classname="lab.TaxTest" name="testCalculateTaxPD" time="0.000"/>
  <testcase classname="lab.TaxTest" name="testCalculateTaxPN" time="0.000"/>
  <testcase classname="lab.TaxTest" name="testCalculateTaxCLD" time="0.000"/>
  <testcase classname="lab.TaxTest" name="testCalculateTaxBRD" time="0.000"/>
  <testcase classname="lab.TaxTest" name="testCalculateTaxBRN" time="0.001"/>
</testsuite> <!-- lab.TaxTest -->
