<?xml version="1.0" encoding="UTF-8"?>
<!-- Generated by org.testng.reporters.JUnitReportReporter -->
<testsuite hostname="Eric" failures="0" tests="17" name="lab.ManageDemandTest" time="0.008" errors="0" timestamp="2022-04-01T20:35:51 PET" skipped="0">
  <testcase classname="lab.ManageDemandTest" name="test_totalQuantityBR" time="0.000"/>
  <testcase classname="lab.ManageDemandTest" name="test_totalTaxesPE" time="0.000"/>
  <testcase classname="lab.ManageDemandTest" name="test_AllOrdersFromBrazil" time="0.000"/>
  <testcase classname="lab.ManageDemandTest" name="test_AllOrdersANULL" time="0.000"/>
  <testcase classname="lab.ManageDemandTest" name="test_totalTaxesMix" time="0.000"/>
  <testcase classname="lab.ManageDemandTest" name="test_AllOrdersNULL" time="0.000"/>
  <testcase classname="lab.ManageDemandTest" name="test_totalQuantityNULL" time="0.000"/>
  <testcase classname="lab.ManageDemandTest" name="test_AllOrdersFromPeru" time="0.001"/>
  <testcase classname="lab.ManageDemandTest" name="test_totalQuantityMix" time="0.000"/>
  <testcase classname="lab.ManageDemandTest" name="test_AllOrdersA" time="0.006"/>
  <testcase classname="lab.ManageDemandTest" name="test_totalQuantityPE" time="0.000"/>
  <testcase classname="lab.ManageDemandTest" name="test_totalQuantityCL" time="0.001"/>
  <testcase classname="lab.ManageDemandTest" name="test_totalTaxesBR" time="0.000"/>
  <testcase classname="lab.ManageDemandTest" name="test_totaTaxesNULL" time="0.000"/>
  <testcase classname="lab.ManageDemandTest" name="test_AllOrdersMix" time="0.000"/>
  <testcase classname="lab.ManageDemandTest" name="test_totalTaxesCL" time="0.000"/>
  <testcase classname="lab.ManageDemandTest" name="test_AllOrdersFromColombia" time="0.000"/>
</testsuite> <!-- lab.ManageDemandTest -->
