<?xml version="1.0" encoding="UTF-8"?>
<!-- Generated by org.testng.reporters.JUnitReportReporter -->
<testsuite hostname="Eric" failures="0" tests="1" name="lab.ManageDemandTest" time="0.004" errors="0" timestamp="2022-03-31T21:08:18 PET" skipped="0">
  <testcase classname="lab.ManageDemandTest" name="test_AllOrdersFromPeru" time="0.004"/>
</testsuite> <!-- lab.ManageDemandTest -->
