<?xml version="1.0" encoding="UTF-8"?>
<!-- Generated by org.testng.reporters.JUnitReportReporter -->
<testsuite hostname="Eric" failures="0" tests="7" name="lab.TaxTest" time="0.002" errors="0" timestamp="2022-04-01T20:35:51 PET" skipped="0">
  <testcase classname="lab.TaxTest" name="testCalculateTaxBRN" time="0.000"/>
  <testcase classname="lab.TaxTest" name="testCalculateTaxCLD" time="0.000"/>
  <testcase classname="lab.TaxTest" name="testCalculateTaxCLN" time="0.000"/>
  <testcase classname="lab.TaxTest" name="testNullInput" time="0.000"/>
  <testcase classname="lab.TaxTest" name="testCalculateTaxBRD" time="0.001"/>
  <testcase classname="lab.TaxTest" name="testCalculateTaxPD" time="0.001"/>
  <testcase classname="lab.TaxTest" name="testCalculateTaxPN" time="0.000"/>
</testsuite> <!-- lab.TaxTest -->
